20:38:54 WARN  [org.hibernate.orm.connections.pooling] - HHH10001002: Using Hibernate built-in connection pool (not for production use!)
17:50:50 WARN  [org.hibernate.orm.connections.pooling] - HHH10001002: Using Hibernate built-in connection pool (not for production use!)
17:58:23 WARN  [org.hibernate.orm.connections.pooling] - HHH10001002: Using Hibernate built-in connection pool (not for production use!)
13:09:35 WARN  [org.hibernate.orm.connections.pooling] - HHH10001002: Using Hibernate built-in connection pool (not for production use!)
13:14:21 WARN  [org.hibernate.orm.connections.pooling] - HHH10001002: Using Hibernate built-in connection pool (not for production use!)
15:40:35 WARN  [org.hibernate.orm.connections.pooling] - HHH10001002: Using Hibernate built-in connection pool (not for production use!)
15:43:40 WARN  [org.hibernate.orm.connections.pooling] - HHH10001002: Using Hibernate built-in connection pool (not for production use!)
15:54:46 WARN  [org.hibernate.orm.connections.pooling] - HHH10001002: Using Hibernate built-in connection pool (not for production use!)
16:07:23 WARN  [org.hibernate.orm.connections.pooling] - HHH10001002: Using Hibernate built-in connection pool (not for production use!)
16:14:14 WARN  [org.hibernate.orm.connections.pooling] - HHH10001002: Using Hibernate built-in connection pool (not for production use!)
16:15:14 ERROR [org.hibernate.id.enhanced.TableStructure] - HHH000376: Could not updateQuery hi value in: hibernate_sequence
org.sqlite.SQLiteException: [SQLITE_BUSY]  The database file is locked (database is locked)
	at org.sqlite.core.DB.newSQLException(DB.java:1010)
	at org.sqlite.core.DB.newSQLException(DB.java:1022)
	at org.sqlite.core.DB.execute(DB.java:861)
	at org.sqlite.core.DB.executeUpdate(DB.java:902)
	at org.sqlite.jdbc3.JDBC3PreparedStatement.executeUpdate(JDBC3PreparedStatement.java:98)
	at org.hibernate.id.enhanced.TableStructure.executeUpdate(TableStructure.java:205)
	at org.hibernate.id.enhanced.TableStructure.access$900(TableStructure.java:46)
	at org.hibernate.id.enhanced.TableStructure$1$1.execute(TableStructure.java:163)
	at org.hibernate.id.enhanced.TableStructure$1$1.execute(TableStructure.java:126)
	at org.hibernate.jdbc.WorkExecutor.executeReturningWork(WorkExecutor.java:55)
	at org.hibernate.jdbc.AbstractReturningWork.accept(AbstractReturningWork.java:34)
	at org.hibernate.resource.transaction.backend.jdbc.internal.JdbcIsolationDelegate.delegateWork(JdbcIsolationDelegate.java:57)
	at org.hibernate.id.enhanced.TableStructure$1.getNextValue(TableStructure.java:125)
	at org.hibernate.id.enhanced.NoopOptimizer.generate(NoopOptimizer.java:40)
	at org.hibernate.id.enhanced.SequenceStyleGenerator.generate(SequenceStyleGenerator.java:523)
	at org.hibernate.event.internal.AbstractSaveEventListener.saveWithGeneratedId(AbstractSaveEventListener.java:115)
	at org.hibernate.event.internal.DefaultSaveOrUpdateEventListener.saveWithGeneratedOrRequestedId(DefaultSaveOrUpdateEventListener.java:194)
	at org.hibernate.event.internal.DefaultSaveEventListener.saveWithGeneratedOrRequestedId(DefaultSaveEventListener.java:38)
	at org.hibernate.event.internal.DefaultSaveOrUpdateEventListener.entityIsTransient(DefaultSaveOrUpdateEventListener.java:179)
	at org.hibernate.event.internal.DefaultSaveEventListener.performSaveOrUpdate(DefaultSaveEventListener.java:32)
	at org.hibernate.event.internal.DefaultSaveOrUpdateEventListener.onSaveOrUpdate(DefaultSaveOrUpdateEventListener.java:75)
	at org.hibernate.event.service.internal.EventListenerGroupImpl.fireEventOnEachListener(EventListenerGroupImpl.java:102)
	at org.hibernate.internal.SessionImpl.fireSave(SessionImpl.java:637)
	at org.hibernate.internal.SessionImpl.save(SessionImpl.java:630)
	at org.hibernate.internal.SessionImpl.save(SessionImpl.java:625)
	at sample.DataBase.TableHelper.addTableList(TableHelper.java:32)
	at sample.DataGetting.Tasks.ReadFromCamera.getValues(ReadFromCamera.java:164)
	at sample.DataGetting.Tasks.ReadFromCamera.selectTask(ReadFromCamera.java:126)
	at sample.DataGetting.Tasks.ReadFromCamera.run(ReadFromCamera.java:100)
	at java.util.concurrent.ThreadPoolExecutor.runWorker(ThreadPoolExecutor.java:1149)
	at java.util.concurrent.ThreadPoolExecutor$Worker.run(ThreadPoolExecutor.java:624)
	at java.lang.Thread.run(Thread.java:748)
16:15:14 WARN  [org.hibernate.engine.jdbc.spi.SqlExceptionHelper] - SQL Error: 5, SQLState: null
16:15:14 ERROR [org.hibernate.engine.jdbc.spi.SqlExceptionHelper] - [SQLITE_BUSY]  The database file is locked (database is locked)
16:17:00 ERROR [org.hibernate.id.enhanced.TableStructure] - HHH000376: Could not updateQuery hi value in: hibernate_sequence
org.sqlite.SQLiteException: [SQLITE_BUSY]  The database file is locked (database is locked)
	at org.sqlite.core.DB.newSQLException(DB.java:1010)
	at org.sqlite.core.DB.newSQLException(DB.java:1022)
	at org.sqlite.core.DB.execute(DB.java:861)
	at org.sqlite.core.DB.executeUpdate(DB.java:902)
	at org.sqlite.jdbc3.JDBC3PreparedStatement.executeUpdate(JDBC3PreparedStatement.java:98)
	at org.hibernate.id.enhanced.TableStructure.executeUpdate(TableStructure.java:205)
	at org.hibernate.id.enhanced.TableStructure.access$900(TableStructure.java:46)
	at org.hibernate.id.enhanced.TableStructure$1$1.execute(TableStructure.java:163)
	at org.hibernate.id.enhanced.TableStructure$1$1.execute(TableStructure.java:126)
	at org.hibernate.jdbc.WorkExecutor.executeReturningWork(WorkExecutor.java:55)
	at org.hibernate.jdbc.AbstractReturningWork.accept(AbstractReturningWork.java:34)
	at org.hibernate.resource.transaction.backend.jdbc.internal.JdbcIsolationDelegate.delegateWork(JdbcIsolationDelegate.java:57)
	at org.hibernate.id.enhanced.TableStructure$1.getNextValue(TableStructure.java:125)
	at org.hibernate.id.enhanced.NoopOptimizer.generate(NoopOptimizer.java:40)
	at org.hibernate.id.enhanced.SequenceStyleGenerator.generate(SequenceStyleGenerator.java:523)
	at org.hibernate.event.internal.AbstractSaveEventListener.saveWithGeneratedId(AbstractSaveEventListener.java:115)
	at org.hibernate.event.internal.DefaultSaveOrUpdateEventListener.saveWithGeneratedOrRequestedId(DefaultSaveOrUpdateEventListener.java:194)
	at org.hibernate.event.internal.DefaultSaveEventListener.saveWithGeneratedOrRequestedId(DefaultSaveEventListener.java:38)
	at org.hibernate.event.internal.DefaultSaveOrUpdateEventListener.entityIsTransient(DefaultSaveOrUpdateEventListener.java:179)
	at org.hibernate.event.internal.DefaultSaveEventListener.performSaveOrUpdate(DefaultSaveEventListener.java:32)
	at org.hibernate.event.internal.DefaultSaveOrUpdateEventListener.onSaveOrUpdate(DefaultSaveOrUpdateEventListener.java:75)
	at org.hibernate.event.service.internal.EventListenerGroupImpl.fireEventOnEachListener(EventListenerGroupImpl.java:102)
	at org.hibernate.internal.SessionImpl.fireSave(SessionImpl.java:637)
	at org.hibernate.internal.SessionImpl.save(SessionImpl.java:630)
	at org.hibernate.internal.SessionImpl.save(SessionImpl.java:625)
	at sample.DataBase.TableHelper.addTableList(TableHelper.java:32)
	at sample.Controllers.MainController.addDataToTable(MainController.java:167)
	at sample.Program.lambda$start$0(Program.java:30)
	at com.sun.javafx.event.CompositeEventHandler.dispatchBubblingEvent(CompositeEventHandler.java:86)
	at com.sun.javafx.event.EventHandlerManager.dispatchBubblingEvent(EventHandlerManager.java:238)
	at com.sun.javafx.event.EventHandlerManager.dispatchBubblingEvent(EventHandlerManager.java:191)
	at com.sun.javafx.event.CompositeEventDispatcher.dispatchBubblingEvent(CompositeEventDispatcher.java:59)
	at com.sun.javafx.event.BasicEventDispatcher.dispatchEvent(BasicEventDispatcher.java:58)
	at com.sun.javafx.event.EventDispatchChainImpl.dispatchEvent(EventDispatchChainImpl.java:114)
	at com.sun.javafx.event.EventUtil.fireEventImpl(EventUtil.java:74)
	at com.sun.javafx.event.EventUtil.fireEvent(EventUtil.java:54)
	at javafx.event.Event.fireEvent(Event.java:198)
	at com.sun.javafx.stage.WindowPeerListener.closing(WindowPeerListener.java:88)
	at com.sun.javafx.tk.quantum.GlassWindowEventHandler.run(GlassWindowEventHandler.java:122)
	at com.sun.javafx.tk.quantum.GlassWindowEventHandler.run(GlassWindowEventHandler.java:40)
	at java.security.AccessController.doPrivileged(Native Method)
	at com.sun.javafx.tk.quantum.GlassWindowEventHandler.lambda$handleWindowEvent$3(GlassWindowEventHandler.java:151)
	at com.sun.javafx.tk.quantum.QuantumToolkit.runWithoutRenderLock(QuantumToolkit.java:410)
	at com.sun.javafx.tk.quantum.GlassWindowEventHandler.handleWindowEvent(GlassWindowEventHandler.java:149)
	at com.sun.glass.ui.Window.handleWindowEvent(Window.java:1273)
	at com.sun.glass.ui.Window.notifyClose(Window.java:1177)
	at com.sun.glass.ui.win.WinApplication._runLoop(Native Method)
	at com.sun.glass.ui.win.WinApplication.lambda$null$4(WinApplication.java:186)
	at java.lang.Thread.run(Thread.java:748)
16:17:00 WARN  [org.hibernate.engine.jdbc.spi.SqlExceptionHelper] - SQL Error: 5, SQLState: null
16:17:00 ERROR [org.hibernate.engine.jdbc.spi.SqlExceptionHelper] - [SQLITE_BUSY]  The database file is locked (database is locked)
16:17:02 ERROR [org.hibernate.id.enhanced.TableStructure] - HHH000376: Could not updateQuery hi value in: hibernate_sequence
org.sqlite.SQLiteException: [SQLITE_BUSY]  The database file is locked (database is locked)
	at org.sqlite.core.DB.newSQLException(DB.java:1010)
	at org.sqlite.core.DB.newSQLException(DB.java:1022)
	at org.sqlite.core.DB.execute(DB.java:861)
	at org.sqlite.core.DB.executeUpdate(DB.java:902)
	at org.sqlite.jdbc3.JDBC3PreparedStatement.executeUpdate(JDBC3PreparedStatement.java:98)
	at org.hibernate.id.enhanced.TableStructure.executeUpdate(TableStructure.java:205)
	at org.hibernate.id.enhanced.TableStructure.access$900(TableStructure.java:46)
	at org.hibernate.id.enhanced.TableStructure$1$1.execute(TableStructure.java:163)
	at org.hibernate.id.enhanced.TableStructure$1$1.execute(TableStructure.java:126)
	at org.hibernate.jdbc.WorkExecutor.executeReturningWork(WorkExecutor.java:55)
	at org.hibernate.jdbc.AbstractReturningWork.accept(AbstractReturningWork.java:34)
	at org.hibernate.resource.transaction.backend.jdbc.internal.JdbcIsolationDelegate.delegateWork(JdbcIsolationDelegate.java:57)
	at org.hibernate.id.enhanced.TableStructure$1.getNextValue(TableStructure.java:125)
	at org.hibernate.id.enhanced.NoopOptimizer.generate(NoopOptimizer.java:40)
	at org.hibernate.id.enhanced.SequenceStyleGenerator.generate(SequenceStyleGenerator.java:523)
	at org.hibernate.event.internal.AbstractSaveEventListener.saveWithGeneratedId(AbstractSaveEventListener.java:115)
	at org.hibernate.event.internal.DefaultSaveOrUpdateEventListener.saveWithGeneratedOrRequestedId(DefaultSaveOrUpdateEventListener.java:194)
	at org.hibernate.event.internal.DefaultSaveEventListener.saveWithGeneratedOrRequestedId(DefaultSaveEventListener.java:38)
	at org.hibernate.event.internal.DefaultSaveOrUpdateEventListener.entityIsTransient(DefaultSaveOrUpdateEventListener.java:179)
	at org.hibernate.event.internal.DefaultSaveEventListener.performSaveOrUpdate(DefaultSaveEventListener.java:32)
	at org.hibernate.event.internal.DefaultSaveOrUpdateEventListener.onSaveOrUpdate(DefaultSaveOrUpdateEventListener.java:75)
	at org.hibernate.event.service.internal.EventListenerGroupImpl.fireEventOnEachListener(EventListenerGroupImpl.java:102)
	at org.hibernate.internal.SessionImpl.fireSave(SessionImpl.java:637)
	at org.hibernate.internal.SessionImpl.save(SessionImpl.java:630)
	at org.hibernate.internal.SessionImpl.save(SessionImpl.java:625)
	at sample.DataBase.TableHelper.addTableList(TableHelper.java:32)
	at sample.Controllers.MainController.addDataToTable(MainController.java:167)
	at sample.Program.lambda$start$0(Program.java:30)
	at com.sun.javafx.event.CompositeEventHandler.dispatchBubblingEvent(CompositeEventHandler.java:86)
	at com.sun.javafx.event.EventHandlerManager.dispatchBubblingEvent(EventHandlerManager.java:238)
	at com.sun.javafx.event.EventHandlerManager.dispatchBubblingEvent(EventHandlerManager.java:191)
	at com.sun.javafx.event.CompositeEventDispatcher.dispatchBubblingEvent(CompositeEventDispatcher.java:59)
	at com.sun.javafx.event.BasicEventDispatcher.dispatchEvent(BasicEventDispatcher.java:58)
	at com.sun.javafx.event.EventDispatchChainImpl.dispatchEvent(EventDispatchChainImpl.java:114)
	at com.sun.javafx.event.EventUtil.fireEventImpl(EventUtil.java:74)
	at com.sun.javafx.event.EventUtil.fireEvent(EventUtil.java:54)
	at javafx.event.Event.fireEvent(Event.java:198)
	at com.sun.javafx.stage.WindowPeerListener.closing(WindowPeerListener.java:88)
	at com.sun.javafx.tk.quantum.GlassWindowEventHandler.run(GlassWindowEventHandler.java:122)
	at com.sun.javafx.tk.quantum.GlassWindowEventHandler.run(GlassWindowEventHandler.java:40)
	at java.security.AccessController.doPrivileged(Native Method)
	at com.sun.javafx.tk.quantum.GlassWindowEventHandler.lambda$handleWindowEvent$3(GlassWindowEventHandler.java:151)
	at com.sun.javafx.tk.quantum.QuantumToolkit.runWithoutRenderLock(QuantumToolkit.java:410)
	at com.sun.javafx.tk.quantum.GlassWindowEventHandler.handleWindowEvent(GlassWindowEventHandler.java:149)
	at com.sun.glass.ui.Window.handleWindowEvent(Window.java:1273)
	at com.sun.glass.ui.Window.notifyClose(Window.java:1177)
	at com.sun.glass.ui.win.WinApplication._runLoop(Native Method)
	at com.sun.glass.ui.win.WinApplication.lambda$null$4(WinApplication.java:186)
	at java.lang.Thread.run(Thread.java:748)
16:17:02 WARN  [org.hibernate.engine.jdbc.spi.SqlExceptionHelper] - SQL Error: 5, SQLState: null
16:17:02 ERROR [org.hibernate.engine.jdbc.spi.SqlExceptionHelper] - [SQLITE_BUSY]  The database file is locked (database is locked)
16:17:02 ERROR [org.hibernate.id.enhanced.TableStructure] - HHH000376: Could not updateQuery hi value in: hibernate_sequence
org.sqlite.SQLiteException: [SQLITE_BUSY]  The database file is locked (database is locked)
	at org.sqlite.core.DB.newSQLException(DB.java:1010)
	at org.sqlite.core.DB.newSQLException(DB.java:1022)
	at org.sqlite.core.DB.execute(DB.java:861)
	at org.sqlite.core.DB.executeUpdate(DB.java:902)
	at org.sqlite.jdbc3.JDBC3PreparedStatement.executeUpdate(JDBC3PreparedStatement.java:98)
	at org.hibernate.id.enhanced.TableStructure.executeUpdate(TableStructure.java:205)
	at org.hibernate.id.enhanced.TableStructure.access$900(TableStructure.java:46)
	at org.hibernate.id.enhanced.TableStructure$1$1.execute(TableStructure.java:163)
	at org.hibernate.id.enhanced.TableStructure$1$1.execute(TableStructure.java:126)
	at org.hibernate.jdbc.WorkExecutor.executeReturningWork(WorkExecutor.java:55)
	at org.hibernate.jdbc.AbstractReturningWork.accept(AbstractReturningWork.java:34)
	at org.hibernate.resource.transaction.backend.jdbc.internal.JdbcIsolationDelegate.delegateWork(JdbcIsolationDelegate.java:57)
	at org.hibernate.id.enhanced.TableStructure$1.getNextValue(TableStructure.java:125)
	at org.hibernate.id.enhanced.NoopOptimizer.generate(NoopOptimizer.java:40)
	at org.hibernate.id.enhanced.SequenceStyleGenerator.generate(SequenceStyleGenerator.java:523)
	at org.hibernate.event.internal.AbstractSaveEventListener.saveWithGeneratedId(AbstractSaveEventListener.java:115)
	at org.hibernate.event.internal.DefaultSaveOrUpdateEventListener.saveWithGeneratedOrRequestedId(DefaultSaveOrUpdateEventListener.java:194)
	at org.hibernate.event.internal.DefaultSaveEventListener.saveWithGeneratedOrRequestedId(DefaultSaveEventListener.java:38)
	at org.hibernate.event.internal.DefaultSaveOrUpdateEventListener.entityIsTransient(DefaultSaveOrUpdateEventListener.java:179)
	at org.hibernate.event.internal.DefaultSaveEventListener.performSaveOrUpdate(DefaultSaveEventListener.java:32)
	at org.hibernate.event.internal.DefaultSaveOrUpdateEventListener.onSaveOrUpdate(DefaultSaveOrUpdateEventListener.java:75)
	at org.hibernate.event.service.internal.EventListenerGroupImpl.fireEventOnEachListener(EventListenerGroupImpl.java:102)
	at org.hibernate.internal.SessionImpl.fireSave(SessionImpl.java:637)
	at org.hibernate.internal.SessionImpl.save(SessionImpl.java:630)
	at org.hibernate.internal.SessionImpl.save(SessionImpl.java:625)
	at sample.DataBase.TableHelper.addTableList(TableHelper.java:32)
	at sample.Controllers.MainController.addDataToTable(MainController.java:167)
	at sample.Program.lambda$start$0(Program.java:30)
	at com.sun.javafx.event.CompositeEventHandler.dispatchBubblingEvent(CompositeEventHandler.java:86)
	at com.sun.javafx.event.EventHandlerManager.dispatchBubblingEvent(EventHandlerManager.java:238)
	at com.sun.javafx.event.EventHandlerManager.dispatchBubblingEvent(EventHandlerManager.java:191)
	at com.sun.javafx.event.CompositeEventDispatcher.dispatchBubblingEvent(CompositeEventDispatcher.java:59)
	at com.sun.javafx.event.BasicEventDispatcher.dispatchEvent(BasicEventDispatcher.java:58)
	at com.sun.javafx.event.EventDispatchChainImpl.dispatchEvent(EventDispatchChainImpl.java:114)
	at com.sun.javafx.event.EventUtil.fireEventImpl(EventUtil.java:74)
	at com.sun.javafx.event.EventUtil.fireEvent(EventUtil.java:54)
	at javafx.event.Event.fireEvent(Event.java:198)
	at com.sun.javafx.stage.WindowPeerListener.closing(WindowPeerListener.java:88)
	at com.sun.javafx.tk.quantum.GlassWindowEventHandler.run(GlassWindowEventHandler.java:122)
	at com.sun.javafx.tk.quantum.GlassWindowEventHandler.run(GlassWindowEventHandler.java:40)
	at java.security.AccessController.doPrivileged(Native Method)
	at com.sun.javafx.tk.quantum.GlassWindowEventHandler.lambda$handleWindowEvent$3(GlassWindowEventHandler.java:151)
	at com.sun.javafx.tk.quantum.QuantumToolkit.runWithoutRenderLock(QuantumToolkit.java:410)
	at com.sun.javafx.tk.quantum.GlassWindowEventHandler.handleWindowEvent(GlassWindowEventHandler.java:149)
	at com.sun.glass.ui.Window.handleWindowEvent(Window.java:1273)
	at com.sun.glass.ui.Window.notifyClose(Window.java:1177)
	at com.sun.glass.ui.win.WinApplication._runLoop(Native Method)
	at com.sun.glass.ui.win.WinApplication.lambda$null$4(WinApplication.java:186)
	at java.lang.Thread.run(Thread.java:748)
16:17:02 WARN  [org.hibernate.engine.jdbc.spi.SqlExceptionHelper] - SQL Error: 5, SQLState: null
16:17:02 ERROR [org.hibernate.engine.jdbc.spi.SqlExceptionHelper] - [SQLITE_BUSY]  The database file is locked (database is locked)
16:19:35 WARN  [org.hibernate.orm.connections.pooling] - HHH10001002: Using Hibernate built-in connection pool (not for production use!)
16:33:39 WARN  [org.hibernate.orm.connections.pooling] - HHH10001002: Using Hibernate built-in connection pool (not for production use!)
16:41:12 WARN  [org.hibernate.orm.connections.pooling] - HHH10001002: Using Hibernate built-in connection pool (not for production use!)
17:08:52 WARN  [org.hibernate.orm.connections.pooling] - HHH10001002: Using Hibernate built-in connection pool (not for production use!)
17:15:03 WARN  [org.hibernate.orm.connections.pooling] - HHH10001002: Using Hibernate built-in connection pool (not for production use!)
17:16:12 WARN  [org.hibernate.orm.connections.pooling] - HHH10001002: Using Hibernate built-in connection pool (not for production use!)
17:22:02 WARN  [org.hibernate.orm.connections.pooling] - HHH10001002: Using Hibernate built-in connection pool (not for production use!)
17:24:06 WARN  [org.hibernate.orm.connections.pooling] - HHH10001002: Using Hibernate built-in connection pool (not for production use!)
17:37:39 WARN  [org.hibernate.orm.connections.pooling] - HHH10001002: Using Hibernate built-in connection pool (not for production use!)
20:32:02 WARN  [org.hibernate.orm.connections.pooling] - HHH10001002: Using Hibernate built-in connection pool (not for production use!)
20:37:10 WARN  [org.hibernate.orm.connections.pooling] - HHH10001002: Using Hibernate built-in connection pool (not for production use!)
20:39:00 WARN  [org.hibernate.orm.connections.pooling] - HHH10001002: Using Hibernate built-in connection pool (not for production use!)
20:45:02 WARN  [org.hibernate.orm.connections.pooling] - HHH10001002: Using Hibernate built-in connection pool (not for production use!)
20:47:38 WARN  [org.hibernate.orm.connections.pooling] - HHH10001002: Using Hibernate built-in connection pool (not for production use!)
20:51:05 WARN  [org.hibernate.orm.connections.pooling] - HHH10001002: Using Hibernate built-in connection pool (not for production use!)
20:59:03 WARN  [org.hibernate.orm.connections.pooling] - HHH10001002: Using Hibernate built-in connection pool (not for production use!)
21:06:24 WARN  [org.hibernate.orm.connections.pooling] - HHH10001002: Using Hibernate built-in connection pool (not for production use!)
21:09:34 WARN  [org.hibernate.orm.connections.pooling] - HHH10001002: Using Hibernate built-in connection pool (not for production use!)
18:06:08 WARN  [org.hibernate.orm.connections.pooling] - HHH10001002: Using Hibernate built-in connection pool (not for production use!)
18:24:37 WARN  [org.hibernate.orm.connections.pooling] - HHH10001002: Using Hibernate built-in connection pool (not for production use!)
18:27:23 WARN  [org.hibernate.orm.connections.pooling] - HHH10001002: Using Hibernate built-in connection pool (not for production use!)
18:36:39 WARN  [org.hibernate.orm.connections.pooling] - HHH10001002: Using Hibernate built-in connection pool (not for production use!)
18:41:13 WARN  [org.hibernate.engine.jdbc.spi.SqlExceptionHelper] - SQL Error: 5, SQLState: null
18:41:13 ERROR [org.hibernate.engine.jdbc.spi.SqlExceptionHelper] - [SQLITE_BUSY]  The database file is locked (database is locked)
18:41:15 WARN  [org.hibernate.engine.jdbc.spi.SqlExceptionHelper] - SQL Error: 19, SQLState: null
18:41:15 ERROR [org.hibernate.engine.jdbc.spi.SqlExceptionHelper] - [SQLITE_CONSTRAINT]  Abort due to constraint violation (UNIQUE constraint failed: AveragingTable.DATE)
18:41:15 WARN  [org.hibernate.engine.jdbc.spi.SqlExceptionHelper] - SQL Error: 5, SQLState: null
18:41:15 ERROR [org.hibernate.engine.jdbc.spi.SqlExceptionHelper] - [SQLITE_BUSY]  The database file is locked (database is locked)
18:44:22 WARN  [org.hibernate.orm.connections.pooling] - HHH10001002: Using Hibernate built-in connection pool (not for production use!)
13:09:07 WARN  [org.hibernate.orm.connections.pooling] - HHH10001002: Using Hibernate built-in connection pool (not for production use!)
13:11:49 WARN  [org.hibernate.orm.connections.pooling] - HHH10001002: Using Hibernate built-in connection pool (not for production use!)
13:14:10 WARN  [org.hibernate.engine.jdbc.spi.SqlExceptionHelper] - SQL Error: 19, SQLState: null
13:14:10 ERROR [org.hibernate.engine.jdbc.spi.SqlExceptionHelper] - [SQLITE_CONSTRAINT]  Abort due to constraint violation (UNIQUE constraint failed: DetailedTable.DATE)
13:14:17 WARN  [org.hibernate.engine.jdbc.spi.SqlExceptionHelper] - SQL Error: 5, SQLState: null
13:14:17 ERROR [org.hibernate.engine.jdbc.spi.SqlExceptionHelper] - [SQLITE_BUSY]  The database file is locked (database is locked)
13:14:57 WARN  [org.hibernate.engine.jdbc.spi.SqlExceptionHelper] - SQL Error: 5, SQLState: null
13:14:57 ERROR [org.hibernate.engine.jdbc.spi.SqlExceptionHelper] - [SQLITE_BUSY]  The database file is locked (database is locked)
13:15:15 WARN  [org.hibernate.engine.jdbc.spi.SqlExceptionHelper] - SQL Error: 5, SQLState: null
13:15:15 ERROR [org.hibernate.engine.jdbc.spi.SqlExceptionHelper] - [SQLITE_BUSY]  The database file is locked (database is locked)
13:15:25 WARN  [org.hibernate.engine.jdbc.spi.SqlExceptionHelper] - SQL Error: 5, SQLState: null
13:15:25 ERROR [org.hibernate.engine.jdbc.spi.SqlExceptionHelper] - [SQLITE_BUSY]  The database file is locked (database is locked)
13:15:31 WARN  [org.hibernate.engine.jdbc.spi.SqlExceptionHelper] - SQL Error: 5, SQLState: null
13:15:31 ERROR [org.hibernate.engine.jdbc.spi.SqlExceptionHelper] - [SQLITE_BUSY]  The database file is locked (database is locked)
12:28:02 WARN  [org.hibernate.orm.connections.pooling] - HHH10001002: Using Hibernate built-in connection pool (not for production use!)
12:29:10 WARN  [org.hibernate.orm.connections.pooling] - HHH10001002: Using Hibernate built-in connection pool (not for production use!)
12:37:11 WARN  [org.hibernate.orm.connections.pooling] - HHH10001002: Using Hibernate built-in connection pool (not for production use!)
12:48:15 WARN  [org.hibernate.orm.connections.pooling] - HHH10001002: Using Hibernate built-in connection pool (not for production use!)
13:02:09 WARN  [org.hibernate.orm.connections.pooling] - HHH10001002: Using Hibernate built-in connection pool (not for production use!)
13:23:06 WARN  [org.hibernate.orm.connections.pooling] - HHH10001002: Using Hibernate built-in connection pool (not for production use!)
13:27:30 WARN  [org.hibernate.orm.connections.pooling] - HHH10001002: Using Hibernate built-in connection pool (not for production use!)
13:51:14 WARN  [org.hibernate.orm.connections.pooling] - HHH10001002: Using Hibernate built-in connection pool (not for production use!)
13:52:39 WARN  [org.hibernate.orm.connections.pooling] - HHH10001002: Using Hibernate built-in connection pool (not for production use!)
13:54:46 WARN  [org.hibernate.orm.connections.pooling] - HHH10001002: Using Hibernate built-in connection pool (not for production use!)
16:42:11 WARN  [org.hibernate.orm.connections.pooling] - HHH10001002: Using Hibernate built-in connection pool (not for production use!)
16:44:24 WARN  [org.hibernate.orm.connections.pooling] - HHH10001002: Using Hibernate built-in connection pool (not for production use!)
16:57:46 WARN  [org.hibernate.orm.connections.pooling] - HHH10001002: Using Hibernate built-in connection pool (not for production use!)
17:00:15 WARN  [org.hibernate.orm.connections.pooling] - HHH10001002: Using Hibernate built-in connection pool (not for production use!)
17:08:29 WARN  [org.hibernate.orm.connections.pooling] - HHH10001002: Using Hibernate built-in connection pool (not for production use!)
17:13:11 WARN  [org.hibernate.orm.connections.pooling] - HHH10001002: Using Hibernate built-in connection pool (not for production use!)
17:16:29 WARN  [org.hibernate.orm.connections.pooling] - HHH10001002: Using Hibernate built-in connection pool (not for production use!)
17:18:40 WARN  [org.hibernate.orm.connections.pooling] - HHH10001002: Using Hibernate built-in connection pool (not for production use!)
17:23:40 WARN  [org.hibernate.orm.connections.pooling] - HHH10001002: Using Hibernate built-in connection pool (not for production use!)
17:25:41 WARN  [org.hibernate.orm.connections.pooling] - HHH10001002: Using Hibernate built-in connection pool (not for production use!)
17:27:41 WARN  [org.hibernate.orm.connections.pooling] - HHH10001002: Using Hibernate built-in connection pool (not for production use!)
17:29:05 WARN  [org.hibernate.orm.connections.pooling] - HHH10001002: Using Hibernate built-in connection pool (not for production use!)
17:30:29 WARN  [org.hibernate.orm.connections.pooling] - HHH10001002: Using Hibernate built-in connection pool (not for production use!)
17:35:54 WARN  [org.hibernate.orm.connections.pooling] - HHH10001002: Using Hibernate built-in connection pool (not for production use!)
17:37:11 WARN  [org.hibernate.orm.connections.pooling] - HHH10001002: Using Hibernate built-in connection pool (not for production use!)
17:37:54 WARN  [org.hibernate.orm.connections.pooling] - HHH10001002: Using Hibernate built-in connection pool (not for production use!)
17:39:47 WARN  [org.hibernate.orm.connections.pooling] - HHH10001002: Using Hibernate built-in connection pool (not for production use!)
17:41:41 WARN  [org.hibernate.orm.connections.pooling] - HHH10001002: Using Hibernate built-in connection pool (not for production use!)
17:43:09 WARN  [org.hibernate.orm.connections.pooling] - HHH10001002: Using Hibernate built-in connection pool (not for production use!)
17:43:54 WARN  [org.hibernate.orm.connections.pooling] - HHH10001002: Using Hibernate built-in connection pool (not for production use!)
17:58:42 WARN  [org.hibernate.orm.connections.pooling] - HHH10001002: Using Hibernate built-in connection pool (not for production use!)
18:02:37 WARN  [org.hibernate.orm.connections.pooling] - HHH10001002: Using Hibernate built-in connection pool (not for production use!)
18:04:58 WARN  [org.hibernate.orm.connections.pooling] - HHH10001002: Using Hibernate built-in connection pool (not for production use!)
18:06:38 WARN  [org.hibernate.orm.connections.pooling] - HHH10001002: Using Hibernate built-in connection pool (not for production use!)
18:07:07 WARN  [org.hibernate.orm.connections.pooling] - HHH10001002: Using Hibernate built-in connection pool (not for production use!)
18:10:08 WARN  [org.hibernate.orm.connections.pooling] - HHH10001002: Using Hibernate built-in connection pool (not for production use!)
18:11:11 WARN  [org.hibernate.orm.connections.pooling] - HHH10001002: Using Hibernate built-in connection pool (not for production use!)
18:14:14 WARN  [org.hibernate.orm.connections.pooling] - HHH10001002: Using Hibernate built-in connection pool (not for production use!)
18:20:44 WARN  [org.hibernate.orm.connections.pooling] - HHH10001002: Using Hibernate built-in connection pool (not for production use!)
18:23:01 WARN  [org.hibernate.orm.connections.pooling] - HHH10001002: Using Hibernate built-in connection pool (not for production use!)
18:29:19 WARN  [org.hibernate.orm.connections.pooling] - HHH10001002: Using Hibernate built-in connection pool (not for production use!)
18:32:02 WARN  [org.hibernate.orm.connections.pooling] - HHH10001002: Using Hibernate built-in connection pool (not for production use!)
18:34:52 WARN  [org.hibernate.orm.connections.pooling] - HHH10001002: Using Hibernate built-in connection pool (not for production use!)
18:37:05 WARN  [org.hibernate.orm.connections.pooling] - HHH10001002: Using Hibernate built-in connection pool (not for production use!)
18:39:00 WARN  [org.hibernate.orm.connections.pooling] - HHH10001002: Using Hibernate built-in connection pool (not for production use!)
18:42:07 WARN  [org.hibernate.orm.connections.pooling] - HHH10001002: Using Hibernate built-in connection pool (not for production use!)
18:45:37 WARN  [org.hibernate.orm.connections.pooling] - HHH10001002: Using Hibernate built-in connection pool (not for production use!)
19:05:11 WARN  [org.hibernate.orm.connections.pooling] - HHH10001002: Using Hibernate built-in connection pool (not for production use!)
19:07:29 WARN  [org.hibernate.orm.connections.pooling] - HHH10001002: Using Hibernate built-in connection pool (not for production use!)
19:13:40 WARN  [org.hibernate.orm.connections.pooling] - HHH10001002: Using Hibernate built-in connection pool (not for production use!)
19:14:43 WARN  [org.hibernate.orm.connections.pooling] - HHH10001002: Using Hibernate built-in connection pool (not for production use!)
19:19:28 WARN  [org.hibernate.orm.connections.pooling] - HHH10001002: Using Hibernate built-in connection pool (not for production use!)
19:24:16 WARN  [org.hibernate.orm.connections.pooling] - HHH10001002: Using Hibernate built-in connection pool (not for production use!)
19:25:57 WARN  [org.hibernate.orm.connections.pooling] - HHH10001002: Using Hibernate built-in connection pool (not for production use!)
19:52:06 WARN  [org.hibernate.orm.connections.pooling] - HHH10001002: Using Hibernate built-in connection pool (not for production use!)
19:56:20 WARN  [org.hibernate.orm.connections.pooling] - HHH10001002: Using Hibernate built-in connection pool (not for production use!)
19:59:22 WARN  [org.hibernate.orm.connections.pooling] - HHH10001002: Using Hibernate built-in connection pool (not for production use!)
20:34:27 WARN  [org.hibernate.orm.connections.pooling] - HHH10001002: Using Hibernate built-in connection pool (not for production use!)
20:46:43 WARN  [org.hibernate.orm.connections.pooling] - HHH10001002: Using Hibernate built-in connection pool (not for production use!)
20:48:07 WARN  [org.hibernate.orm.connections.pooling] - HHH10001002: Using Hibernate built-in connection pool (not for production use!)
21:09:07 WARN  [org.hibernate.orm.connections.pooling] - HHH10001002: Using Hibernate built-in connection pool (not for production use!)
21:11:03 WARN  [org.hibernate.orm.connections.pooling] - HHH10001002: Using Hibernate built-in connection pool (not for production use!)
21:15:44 WARN  [org.hibernate.orm.connections.pooling] - HHH10001002: Using Hibernate built-in connection pool (not for production use!)
21:25:33 WARN  [org.hibernate.orm.connections.pooling] - HHH10001002: Using Hibernate built-in connection pool (not for production use!)
21:30:36 WARN  [org.hibernate.orm.connections.pooling] - HHH10001002: Using Hibernate built-in connection pool (not for production use!)
21:35:07 WARN  [org.hibernate.orm.connections.pooling] - HHH10001002: Using Hibernate built-in connection pool (not for production use!)
21:40:40 WARN  [org.hibernate.orm.connections.pooling] - HHH10001002: Using Hibernate built-in connection pool (not for production use!)
21:44:30 WARN  [org.hibernate.orm.connections.pooling] - HHH10001002: Using Hibernate built-in connection pool (not for production use!)
